<?xml version="1.0" encoding="UTF-8"?>
<testng-results ignored="0" total="1" passed="1" failed="0" skipped="0">
  <reporter-output>
  </reporter-output>
  <suite started-at="2021-06-05T22:37:37Z" name="EBFS Application Test Automation Test Suite" finished-at="2021-06-05T22:37:45Z" duration-ms="7670">
    <groups>
    </groups>
    <test started-at="2021-06-05T22:37:37Z" name="EBFS App Test Cases" finished-at="2021-06-05T22:37:45Z" duration-ms="7670">
      <class name="com.ebfs.qa.testcases.SignInPageTest">
        <test-method is-config="true" signature="setUp()[pri:0, instance:com.ebfs.qa.testcases.SignInPageTest@768b970c]" started-at="2021-06-05T22:37:38Z" name="setUp" finished-at="2021-06-05T22:37:42Z" duration-ms="4543" status="PASS">
          <reporter-output>
          </reporter-output>
        </test-method> <!-- setUp -->
        <test-method signature="verifyLogin()[pri:18, instance:com.ebfs.qa.testcases.SignInPageTest@768b970c]" started-at="2021-06-05T22:37:42Z" name="verifyLogin" finished-at="2021-06-05T22:37:45Z" duration-ms="3018" status="PASS">
          <reporter-output>
          </reporter-output>
        </test-method> <!-- verifyLogin -->
        <test-method is-config="true" signature="close()[pri:0, instance:com.ebfs.qa.testcases.SignInPageTest@768b970c]" started-at="2021-06-05T22:37:45Z" name="close" finished-at="2021-06-05T22:37:45Z" duration-ms="94" status="PASS">
          <reporter-output>
          </reporter-output>
        </test-method> <!-- close -->
      </class> <!-- com.ebfs.qa.testcases.SignInPageTest -->
    </test> <!-- EBFS App Test Cases -->
  </suite> <!-- EBFS Application Test Automation Test Suite -->
</testng-results>
