<?xml version="1.0" encoding="UTF-8"?>
<testng-results ignored="0" total="16" passed="16" failed="0" skipped="0">
  <reporter-output>
  </reporter-output>
  <suite started-at="2021-01-15T21:15:18Z" name="EBFS Application Test Automation Test Suite" finished-at="2021-01-15T21:26:06Z" duration-ms="647553">
    <groups>
    </groups>
    <test started-at="2021-01-15T21:15:18Z" name="EBFS App Test Cases" finished-at="2021-01-15T21:26:06Z" duration-ms="647553">
      <class name="com.ebfs.qa.testcases.ProductCategoryPageTest">
        <test-method is-config="true" signature="setUp()[pri:0, instance:com.ebfs.qa.testcases.ProductCategoryPageTest@5f71c76a]" started-at="2021-01-15T21:15:18Z" name="setUp" finished-at="2021-01-15T21:15:22Z" duration-ms="4177" status="PASS">
          <reporter-output>
          </reporter-output>
        </test-method> <!-- setUp -->
        <test-method signature="verifyNavigateToProductCategoryPageTest()[pri:20, instance:com.ebfs.qa.testcases.ProductCategoryPageTest@5f71c76a]" started-at="2021-01-15T21:15:22Z" name="verifyNavigateToProductCategoryPageTest" finished-at="2021-01-15T21:15:51Z" duration-ms="28280" status="PASS">
          <reporter-output>
          </reporter-output>
        </test-method> <!-- verifyNavigateToProductCategoryPageTest -->
        <test-method is-config="true" signature="close()[pri:0, instance:com.ebfs.qa.testcases.ProductCategoryPageTest@5f71c76a]" started-at="2021-01-15T21:15:51Z" name="close" finished-at="2021-01-15T21:15:51Z" duration-ms="106" status="PASS">
          <reporter-output>
          </reporter-output>
        </test-method> <!-- close -->
        <test-method is-config="true" signature="setUp()[pri:0, instance:com.ebfs.qa.testcases.ProductCategoryPageTest@5f71c76a]" started-at="2021-01-15T21:15:51Z" name="setUp" finished-at="2021-01-15T21:15:54Z" duration-ms="3703" status="PASS">
          <reporter-output>
          </reporter-output>
        </test-method> <!-- setUp -->
        <test-method signature="verifySubCategoryLinkTest()[pri:21, instance:com.ebfs.qa.testcases.ProductCategoryPageTest@5f71c76a]" started-at="2021-01-15T21:15:54Z" name="verifySubCategoryLinkTest" finished-at="2021-01-15T21:16:29Z" duration-ms="34199" status="PASS">
          <reporter-output>
          </reporter-output>
        </test-method> <!-- verifySubCategoryLinkTest -->
        <test-method is-config="true" signature="close()[pri:0, instance:com.ebfs.qa.testcases.ProductCategoryPageTest@5f71c76a]" started-at="2021-01-15T21:16:29Z" name="close" finished-at="2021-01-15T21:16:29Z" duration-ms="148" status="PASS">
          <reporter-output>
          </reporter-output>
        </test-method> <!-- close -->
        <test-method is-config="true" signature="setUp()[pri:0, instance:com.ebfs.qa.testcases.ProductCategoryPageTest@5f71c76a]" started-at="2021-01-15T21:16:29Z" name="setUp" finished-at="2021-01-15T21:16:33Z" duration-ms="3730" status="PASS">
          <reporter-output>
          </reporter-output>
        </test-method> <!-- setUp -->
        <test-method signature="verifySortFunctionalityTest()[pri:22, instance:com.ebfs.qa.testcases.ProductCategoryPageTest@5f71c76a]" started-at="2021-01-15T21:16:33Z" name="verifySortFunctionalityTest" finished-at="2021-01-15T21:17:05Z" duration-ms="32381" status="PASS">
          <reporter-output>
          </reporter-output>
        </test-method> <!-- verifySortFunctionalityTest -->
        <test-method is-config="true" signature="close()[pri:0, instance:com.ebfs.qa.testcases.ProductCategoryPageTest@5f71c76a]" started-at="2021-01-15T21:17:05Z" name="close" finished-at="2021-01-15T21:17:05Z" duration-ms="99" status="PASS">
          <reporter-output>
          </reporter-output>
        </test-method> <!-- close -->
        <test-method is-config="true" signature="setUp()[pri:0, instance:com.ebfs.qa.testcases.ProductCategoryPageTest@5f71c76a]" started-at="2021-01-15T21:17:05Z" name="setUp" finished-at="2021-01-15T21:17:09Z" duration-ms="3593" status="PASS">
          <reporter-output>
          </reporter-output>
        </test-method> <!-- setUp -->
        <test-method signature="verifyGridOrListViewTest()[pri:23, instance:com.ebfs.qa.testcases.ProductCategoryPageTest@5f71c76a]" started-at="2021-01-15T21:17:09Z" name="verifyGridOrListViewTest" finished-at="2021-01-15T21:17:29Z" duration-ms="20043" status="PASS">
          <reporter-output>
          </reporter-output>
        </test-method> <!-- verifyGridOrListViewTest -->
        <test-method is-config="true" signature="close()[pri:0, instance:com.ebfs.qa.testcases.ProductCategoryPageTest@5f71c76a]" started-at="2021-01-15T21:17:29Z" name="close" finished-at="2021-01-15T21:17:29Z" duration-ms="148" status="PASS">
          <reporter-output>
          </reporter-output>
        </test-method> <!-- close -->
        <test-method is-config="true" signature="setUp()[pri:0, instance:com.ebfs.qa.testcases.ProductCategoryPageTest@5f71c76a]" started-at="2021-01-15T21:17:29Z" name="setUp" finished-at="2021-01-15T21:17:33Z" duration-ms="4093" status="PASS">
          <reporter-output>
          </reporter-output>
        </test-method> <!-- setUp -->
        <test-method signature="verifyNumberOfProductsViewTest()[pri:24, instance:com.ebfs.qa.testcases.ProductCategoryPageTest@5f71c76a]" started-at="2021-01-15T21:17:33Z" name="verifyNumberOfProductsViewTest" finished-at="2021-01-15T21:17:41Z" duration-ms="7862" status="PASS">
          <reporter-output>
          </reporter-output>
        </test-method> <!-- verifyNumberOfProductsViewTest -->
        <test-method is-config="true" signature="close()[pri:0, instance:com.ebfs.qa.testcases.ProductCategoryPageTest@5f71c76a]" started-at="2021-01-15T21:17:41Z" name="close" finished-at="2021-01-15T21:17:41Z" duration-ms="95" status="PASS">
          <reporter-output>
          </reporter-output>
        </test-method> <!-- close -->
        <test-method is-config="true" signature="setUp()[pri:0, instance:com.ebfs.qa.testcases.ProductCategoryPageTest@5f71c76a]" started-at="2021-01-15T21:17:41Z" name="setUp" finished-at="2021-01-15T21:17:45Z" duration-ms="3844" status="PASS">
          <reporter-output>
          </reporter-output>
        </test-method> <!-- setUp -->
        <test-method signature="verifyFilterProductsLeftNavigationTest()[pri:25, instance:com.ebfs.qa.testcases.ProductCategoryPageTest@5f71c76a]" started-at="2021-01-15T21:17:45Z" name="verifyFilterProductsLeftNavigationTest" finished-at="2021-01-15T21:18:28Z" duration-ms="42980" status="PASS">
          <reporter-output>
          </reporter-output>
        </test-method> <!-- verifyFilterProductsLeftNavigationTest -->
        <test-method is-config="true" signature="close()[pri:0, instance:com.ebfs.qa.testcases.ProductCategoryPageTest@5f71c76a]" started-at="2021-01-15T21:18:28Z" name="close" finished-at="2021-01-15T21:18:28Z" duration-ms="96" status="PASS">
          <reporter-output>
          </reporter-output>
        </test-method> <!-- close -->
        <test-method is-config="true" signature="setUp()[pri:0, instance:com.ebfs.qa.testcases.ProductCategoryPageTest@5f71c76a]" started-at="2021-01-15T21:18:28Z" name="setUp" finished-at="2021-01-15T21:18:32Z" duration-ms="3804" status="PASS">
          <reporter-output>
          </reporter-output>
        </test-method> <!-- setUp -->
        <test-method signature="verifyFilterProductsPriceRangeTest()[pri:26, instance:com.ebfs.qa.testcases.ProductCategoryPageTest@5f71c76a]" started-at="2021-01-15T21:18:32Z" name="verifyFilterProductsPriceRangeTest" finished-at="2021-01-15T21:18:46Z" duration-ms="14680" status="PASS">
          <reporter-output>
          </reporter-output>
        </test-method> <!-- verifyFilterProductsPriceRangeTest -->
        <test-method is-config="true" signature="close()[pri:0, instance:com.ebfs.qa.testcases.ProductCategoryPageTest@5f71c76a]" started-at="2021-01-15T21:18:46Z" name="close" finished-at="2021-01-15T21:18:46Z" duration-ms="97" status="PASS">
          <reporter-output>
          </reporter-output>
        </test-method> <!-- close -->
        <test-method is-config="true" signature="setUp()[pri:0, instance:com.ebfs.qa.testcases.ProductCategoryPageTest@5f71c76a]" started-at="2021-01-15T21:18:46Z" name="setUp" finished-at="2021-01-15T21:18:55Z" duration-ms="8304" status="PASS">
          <reporter-output>
          </reporter-output>
        </test-method> <!-- setUp -->
        <test-method signature="verifyDiscoverOurStoresLinkTest()[pri:27, instance:com.ebfs.qa.testcases.ProductCategoryPageTest@5f71c76a]" started-at="2021-01-15T21:18:55Z" name="verifyDiscoverOurStoresLinkTest" finished-at="2021-01-15T21:19:00Z" duration-ms="4975" status="PASS">
          <reporter-output>
          </reporter-output>
        </test-method> <!-- verifyDiscoverOurStoresLinkTest -->
        <test-method is-config="true" signature="close()[pri:0, instance:com.ebfs.qa.testcases.ProductCategoryPageTest@5f71c76a]" started-at="2021-01-15T21:19:00Z" name="close" finished-at="2021-01-15T21:19:00Z" duration-ms="97" status="PASS">
          <reporter-output>
          </reporter-output>
        </test-method> <!-- close -->
        <test-method is-config="true" signature="setUp()[pri:0, instance:com.ebfs.qa.testcases.ProductCategoryPageTest@5f71c76a]" started-at="2021-01-15T21:19:00Z" name="setUp" finished-at="2021-01-15T21:19:03Z" duration-ms="3753" status="PASS">
          <reporter-output>
          </reporter-output>
        </test-method> <!-- setUp -->
        <test-method signature="verifyMouseOverProductViewTest()[pri:28, instance:com.ebfs.qa.testcases.ProductCategoryPageTest@5f71c76a]" started-at="2021-01-15T21:19:03Z" name="verifyMouseOverProductViewTest" finished-at="2021-01-15T21:19:10Z" duration-ms="6192" status="PASS">
          <reporter-output>
          </reporter-output>
        </test-method> <!-- verifyMouseOverProductViewTest -->
        <test-method is-config="true" signature="close()[pri:0, instance:com.ebfs.qa.testcases.ProductCategoryPageTest@5f71c76a]" started-at="2021-01-15T21:19:10Z" name="close" finished-at="2021-01-15T21:19:10Z" duration-ms="96" status="PASS">
          <reporter-output>
          </reporter-output>
        </test-method> <!-- close -->
        <test-method is-config="true" signature="setUp()[pri:0, instance:com.ebfs.qa.testcases.ProductCategoryPageTest@5f71c76a]" started-at="2021-01-15T21:19:10Z" name="setUp" finished-at="2021-01-15T21:19:15Z" duration-ms="5044" status="PASS">
          <reporter-output>
          </reporter-output>
        </test-method> <!-- setUp -->
        <test-method signature="verifyInOrOutOfStockIconViewTest()[pri:29, instance:com.ebfs.qa.testcases.ProductCategoryPageTest@5f71c76a]" started-at="2021-01-15T21:19:15Z" name="verifyInOrOutOfStockIconViewTest" finished-at="2021-01-15T21:19:26Z" duration-ms="10775" status="PASS">
          <reporter-output>
          </reporter-output>
        </test-method> <!-- verifyInOrOutOfStockIconViewTest -->
        <test-method is-config="true" signature="close()[pri:0, instance:com.ebfs.qa.testcases.ProductCategoryPageTest@5f71c76a]" started-at="2021-01-15T21:19:26Z" name="close" finished-at="2021-01-15T21:19:26Z" duration-ms="96" status="PASS">
          <reporter-output>
          </reporter-output>
        </test-method> <!-- close -->
        <test-method is-config="true" signature="setUp()[pri:0, instance:com.ebfs.qa.testcases.ProductCategoryPageTest@5f71c76a]" started-at="2021-01-15T21:19:26Z" name="setUp" finished-at="2021-01-15T21:19:30Z" duration-ms="3831" status="PASS">
          <reporter-output>
          </reporter-output>
        </test-method> <!-- setUp -->
        <test-method signature="verifyMouseOverProductQuickViewTest()[pri:30, instance:com.ebfs.qa.testcases.ProductCategoryPageTest@5f71c76a]" started-at="2021-01-15T21:19:30Z" name="verifyMouseOverProductQuickViewTest" finished-at="2021-01-15T21:19:39Z" duration-ms="9166" status="PASS">
          <reporter-output>
          </reporter-output>
        </test-method> <!-- verifyMouseOverProductQuickViewTest -->
        <test-method is-config="true" signature="close()[pri:0, instance:com.ebfs.qa.testcases.ProductCategoryPageTest@5f71c76a]" started-at="2021-01-15T21:19:39Z" name="close" finished-at="2021-01-15T21:19:39Z" duration-ms="93" status="PASS">
          <reporter-output>
          </reporter-output>
        </test-method> <!-- close -->
        <test-method is-config="true" signature="setUp()[pri:0, instance:com.ebfs.qa.testcases.ProductCategoryPageTest@5f71c76a]" started-at="2021-01-15T21:19:39Z" name="setUp" finished-at="2021-01-15T21:19:43Z" duration-ms="4063" status="PASS">
          <reporter-output>
          </reporter-output>
        </test-method> <!-- setUp -->
        <test-method signature="verifyDifferentLinkInformationTest()[pri:31, instance:com.ebfs.qa.testcases.ProductCategoryPageTest@5f71c76a]" started-at="2021-01-15T21:19:43Z" name="verifyDifferentLinkInformationTest" finished-at="2021-01-15T21:19:54Z" duration-ms="10936" status="PASS">
          <reporter-output>
          </reporter-output>
        </test-method> <!-- verifyDifferentLinkInformationTest -->
        <test-method is-config="true" signature="close()[pri:0, instance:com.ebfs.qa.testcases.ProductCategoryPageTest@5f71c76a]" started-at="2021-01-15T21:19:54Z" name="close" finished-at="2021-01-15T21:19:54Z" duration-ms="105" status="PASS">
          <reporter-output>
          </reporter-output>
        </test-method> <!-- close -->
        <test-method is-config="true" signature="setUp()[pri:0, instance:com.ebfs.qa.testcases.ProductCategoryPageTest@5f71c76a]" started-at="2021-01-15T21:19:54Z" name="setUp" finished-at="2021-01-15T21:19:58Z" duration-ms="3777" status="PASS">
          <reporter-output>
          </reporter-output>
        </test-method> <!-- setUp -->
        <test-method signature="verifyAddMultipleProductToCartTest()[pri:32, instance:com.ebfs.qa.testcases.ProductCategoryPageTest@5f71c76a]" started-at="2021-01-15T21:19:58Z" name="verifyAddMultipleProductToCartTest" finished-at="2021-01-15T21:20:55Z" duration-ms="57482" status="PASS">
          <reporter-output>
          </reporter-output>
        </test-method> <!-- verifyAddMultipleProductToCartTest -->
        <test-method is-config="true" signature="close()[pri:0, instance:com.ebfs.qa.testcases.ProductCategoryPageTest@5f71c76a]" started-at="2021-01-15T21:20:55Z" name="close" finished-at="2021-01-15T21:20:55Z" duration-ms="101" status="PASS">
          <reporter-output>
          </reporter-output>
        </test-method> <!-- close -->
        <test-method is-config="true" signature="setUp()[pri:0, instance:com.ebfs.qa.testcases.ProductCategoryPageTest@5f71c76a]" started-at="2021-01-15T21:20:55Z" name="setUp" finished-at="2021-01-15T21:20:59Z" duration-ms="4182" status="PASS">
          <reporter-output>
          </reporter-output>
        </test-method> <!-- setUp -->
        <test-method signature="verifyProductAddedCartUpdatedTest()[pri:33, instance:com.ebfs.qa.testcases.ProductCategoryPageTest@5f71c76a]" started-at="2021-01-15T21:20:59Z" name="verifyProductAddedCartUpdatedTest" finished-at="2021-01-15T21:22:23Z" duration-ms="84000" status="PASS">
          <reporter-output>
          </reporter-output>
        </test-method> <!-- verifyProductAddedCartUpdatedTest -->
        <test-method is-config="true" signature="close()[pri:0, instance:com.ebfs.qa.testcases.ProductCategoryPageTest@5f71c76a]" started-at="2021-01-15T21:22:23Z" name="close" finished-at="2021-01-15T21:22:24Z" duration-ms="128" status="PASS">
          <reporter-output>
          </reporter-output>
        </test-method> <!-- close -->
        <test-method is-config="true" signature="setUp()[pri:0, instance:com.ebfs.qa.testcases.ProductCategoryPageTest@5f71c76a]" started-at="2021-01-15T21:22:24Z" name="setUp" finished-at="2021-01-15T21:22:28Z" duration-ms="4057" status="PASS">
          <reporter-output>
          </reporter-output>
        </test-method> <!-- setUp -->
        <test-method signature="verifyProductOverlayCheckOutButtonTest()[pri:34, instance:com.ebfs.qa.testcases.ProductCategoryPageTest@5f71c76a]" started-at="2021-01-15T21:22:28Z" name="verifyProductOverlayCheckOutButtonTest" finished-at="2021-01-15T21:23:44Z" duration-ms="76593" status="PASS">
          <reporter-output>
          </reporter-output>
        </test-method> <!-- verifyProductOverlayCheckOutButtonTest -->
        <test-method is-config="true" signature="close()[pri:0, instance:com.ebfs.qa.testcases.ProductCategoryPageTest@5f71c76a]" started-at="2021-01-15T21:23:44Z" name="close" finished-at="2021-01-15T21:23:44Z" duration-ms="166" status="PASS">
          <reporter-output>
          </reporter-output>
        </test-method> <!-- close -->
        <test-method is-config="true" signature="setUp()[pri:0, instance:com.ebfs.qa.testcases.ProductCategoryPageTest@5f71c76a]" started-at="2021-01-15T21:23:44Z" name="setUp" finished-at="2021-01-15T21:23:48Z" duration-ms="3970" status="PASS">
          <reporter-output>
          </reporter-output>
        </test-method> <!-- setUp -->
        <test-method signature="verifyCheckOutButtonNavigateToShoppingCartTest()[pri:35, instance:com.ebfs.qa.testcases.ProductCategoryPageTest@5f71c76a]" started-at="2021-01-15T21:23:48Z" name="verifyCheckOutButtonNavigateToShoppingCartTest" finished-at="2021-01-15T21:26:06Z" duration-ms="137259" status="PASS">
          <reporter-output>
          </reporter-output>
        </test-method> <!-- verifyCheckOutButtonNavigateToShoppingCartTest -->
        <test-method is-config="true" signature="close()[pri:0, instance:com.ebfs.qa.testcases.ProductCategoryPageTest@5f71c76a]" started-at="2021-01-15T21:26:06Z" name="close" finished-at="2021-01-15T21:26:06Z" duration-ms="129" status="PASS">
          <reporter-output>
          </reporter-output>
        </test-method> <!-- close -->
      </class> <!-- com.ebfs.qa.testcases.ProductCategoryPageTest -->
    </test> <!-- EBFS App Test Cases -->
  </suite> <!-- EBFS Application Test Automation Test Suite -->
</testng-results>
