<?xml version="1.0" encoding="UTF-8"?>
<!-- Generated by org.testng.reporters.JUnitXMLReporter -->
<testsuite ignored="0" hostname="Khaleds-MacBook-Pro.local" failures="0" tests="3" name="EBFS App Test Cases" time="26.77" errors="0" timestamp="05 Jun 2021 20:28:55 GMT">
  <testcase classname="com.ebfs.qa.testcases.SignInPageTest" name="verifyLogin" time="3.209"/>
  <testcase classname="com.ebfs.qa.testcases.SignInPageTest" name="verifyLoginPassErr" time="4.291"/>
  <testcase classname="com.ebfs.qa.testcases.SignInPageTest" name="verifyLoginUserErr" time="4.223"/>
</testsuite> <!-- EBFS App Test Cases -->
