<?xml version="1.0" encoding="UTF-8"?>
<!-- Generated by org.testng.reporters.JUnitXMLReporter -->
<testsuite ignored="0" hostname="Khaleds-MacBook-Pro.local" failures="0" tests="5" name="EBFS App Test Cases" time="30.988" errors="0" timestamp="30 Dec 2020 21:41:36 GMT">
  <testcase classname="com.ebfs.qa.testcases.SignInPageTest" name="verifyLogin" time="4.095"/>
  <testcase classname="com.ebfs.qa.testcases.HomePageTest" name="verifyHomePageTitleTest" time="0.005"/>
  <testcase classname="com.ebfs.qa.testcases.ContactsPageTest" name="verifyContactsPageLabel" time="0.033"/>
  <testcase classname="com.ebfs.qa.testcases.HomePageTest" name="verifyLogoTest" time="0.025"/>
  <testcase classname="com.ebfs.qa.testcases.HomePageTest" name="verifyContactUsLinkTest" time="1.183"/>
</testsuite> <!-- EBFS App Test Cases -->
